    WARNING: The character ɲ (U+0272) exists in the entry for VK_0, ShiftState 'Shift+Ctl+Alt' of the layout table and is not in the default system code page (1252) of the German (Luxembourg) language you specified. This may cause compatibility problems in non-Unicode applications.
    WARNING: The character ɻ (U+027b) exists in the entry for VK_2, ShiftState 'Shift+Ctl+Alt' of the layout table and is not in the default system code page (1252) of the German (Luxembourg) language you specified. This may cause compatibility problems in non-Unicode applications.
    WARNING: The character ʣ (U+02a3) exists in the entry for VK_3, ShiftState 'Shift+Ctl+Alt' of the layout table and is not in the default system code page (1252) of the German (Luxembourg) language you specified. This may cause compatibility problems in non-Unicode applications.
    WARNING: The character ̞ (U+031e) exists in the entry for VK_4, ShiftState 'Ctl+Alt' of the layout table and is not in the default system code page (1252) of the German (Luxembourg) language you specified. This may cause compatibility problems in non-Unicode applications.
    WARNING: The character ʤ (U+02a4) exists in the entry for VK_4, ShiftState 'Shift+Ctl+Alt' of the layout table and is not in the default system code page (1252) of the German (Luxembourg) language you specified. This may cause compatibility problems in non-Unicode applications.
    WARNING: The character ʥ (U+02a5) exists in the entry for VK_5, ShiftState 'Shift+Ctl+Alt' of the layout table and is not in the default system code page (1252) of the German (Luxembourg) language you specified. This may cause compatibility problems in non-Unicode applications.
    WARNING: The character ʦ (U+02a6) exists in the entry for VK_6, ShiftState 'Shift+Ctl+Alt' of the layout table and is not in the default system code page (1252) of the German (Luxembourg) language you specified. This may cause compatibility problems in non-Unicode applications.
    WARNING: The character ʔ (U+0294) exists in the entry for VK_7, ShiftState 'Shift' of the layout table and is not in the default system code page (1252) of the German (Luxembourg) language you specified. This may cause compatibility problems in non-Unicode applications.
    WARNING: The character ʧ (U+02a7) exists in the entry for VK_7, ShiftState 'Shift+Ctl+Alt' of the layout table and is not in the default system code page (1252) of the German (Luxembourg) language you specified. This may cause compatibility problems in non-Unicode applications.
    WARNING: The character ʀ (U+0280) exists in the entry for VK_8, ShiftState 'Ctl+Alt' of the layout table and is not in the default system code page (1252) of the German (Luxembourg) language you specified. This may cause compatibility problems in non-Unicode applications.
    WARNING: The character ɳ (U+0273) exists in the entry for VK_8, ShiftState 'Shift+Ctl+Alt' of the layout table and is not in the default system code page (1252) of the German (Luxembourg) language you specified. This may cause compatibility problems in non-Unicode applications.
    WARNING: The character ̃ (U+0303) exists in the entry for VK_9, ShiftState 'Shift' of the layout table and is not in the default system code page (1252) of the German (Luxembourg) language you specified. This may cause compatibility problems in non-Unicode applications.
    WARNING: The character ɽ (U+027d) exists in the entry for VK_9, ShiftState 'Ctl+Alt' of the layout table and is not in the default system code page (1252) of the German (Luxembourg) language you specified. This may cause compatibility problems in non-Unicode applications.
    WARNING: The character ʨ (U+02a8) exists in the entry for VK_9, ShiftState 'Shift+Ctl+Alt' of the layout table and is not in the default system code page (1252) of the German (Luxembourg) language you specified. This may cause compatibility problems in non-Unicode applications.
    WARNING: The character ɑ (U+0251) exists in the entry for VK_A, ShiftState 'Shift' of the layout table and is not in the default system code page (1252) of the German (Luxembourg) language you specified. This may cause compatibility problems in non-Unicode applications.
    WARNING: The character ɐ (U+0250) exists in the entry for VK_A, ShiftState 'Ctl+Alt' of the layout table and is not in the default system code page (1252) of the German (Luxembourg) language you specified. This may cause compatibility problems in non-Unicode applications.
    WARNING: The character ɒ (U+0252) exists in the entry for VK_A, ShiftState 'Shift+Ctl+Alt' of the layout table and is not in the default system code page (1252) of the German (Luxembourg) language you specified. This may cause compatibility problems in non-Unicode applications.
    WARNING: The character β (U+03b2) exists in the entry for VK_B, ShiftState 'Shift' of the layout table and is not in the default system code page (1252) of the German (Luxembourg) language you specified. This may cause compatibility problems in non-Unicode applications.
    WARNING: The character ɓ (U+0253) exists in the entry for VK_B, ShiftState 'Ctl+Alt' of the layout table and is not in the default system code page (1252) of the German (Luxembourg) language you specified. This may cause compatibility problems in non-Unicode applications.
    WARNING: The character ɔ (U+0254) exists in the entry for VK_C, ShiftState 'Ctl+Alt' of the layout table and is not in the default system code page (1252) of the German (Luxembourg) language you specified. This may cause compatibility problems in non-Unicode applications.
    WARNING: The character ɘ (U+0258) exists in the entry for VK_C, ShiftState 'Shift+Ctl+Alt' of the layout table and is not in the default system code page (1252) of the German (Luxembourg) language you specified. This may cause compatibility problems in non-Unicode applications.
    WARNING: The character ɛ (U+025b) exists in the entry for VK_E, ShiftState 'Shift' of the layout table and is not in the default system code page (1252) of the German (Luxembourg) language you specified. This may cause compatibility problems in non-Unicode applications.
    WARNING: ɻ (U+027b) is already defined more than once on the keyboard (on VK_E, ShiftState 'Shift+Ctl+Alt' and VK_2, ShiftState 'Shift+Ctl+Alt').
    WARNING: The character ɤ (U+0264) exists in the entry for VK_F, ShiftState 'Shift' of the layout table and is not in the default system code page (1252) of the German (Luxembourg) language you specified. This may cause compatibility problems in non-Unicode applications.
    WARNING: The character ɣ (U+0263) exists in the entry for VK_F, ShiftState 'Ctl+Alt' of the layout table and is not in the default system code page (1252) of the German (Luxembourg) language you specified. This may cause compatibility problems in non-Unicode applications.
    WARNING: The character ˠ (U+02e0) exists in the entry for VK_F, ShiftState 'Shift+Ctl+Alt' of the layout table and is not in the default system code page (1252) of the German (Luxembourg) language you specified. This may cause compatibility problems in non-Unicode applications.
    WARNING: The character ɢ (U+0262) exists in the entry for VK_G, ShiftState 'Shift' of the layout table and is not in the default system code page (1252) of the German (Luxembourg) language you specified. This may cause compatibility problems in non-Unicode applications.
    WARNING: The character ɠ (U+0260) exists in the entry for VK_G, ShiftState 'Ctl+Alt' of the layout table and is not in the default system code page (1252) of the German (Luxembourg) language you specified. This may cause compatibility problems in non-Unicode applications.
    WARNING: The character ʰ (U+02b0) exists in the entry for VK_H, ShiftState 'Shift' of the layout table and is not in the default system code page (1252) of the German (Luxembourg) language you specified. This may cause compatibility problems in non-Unicode applications.
    WARNING: The character ̯ (U+032f) exists in the entry for VK_H, ShiftState 'Ctl+Alt' of the layout table and is not in the default system code page (1252) of the German (Luxembourg) language you specified. This may cause compatibility problems in non-Unicode applications.
    WARNING: The character ɧ (U+0267) exists in the entry for VK_H, ShiftState 'Shift+Ctl+Alt' of the layout table and is not in the default system code page (1252) of the German (Luxembourg) language you specified. This may cause compatibility problems in non-Unicode applications.
    WARNING: The character ɪ (U+026a) exists in the entry for VK_I, ShiftState 'Shift' of the layout table and is not in the default system code page (1252) of the German (Luxembourg) language you specified. This may cause compatibility problems in non-Unicode applications.
    WARNING: The character ʲ (U+02b2) exists in the entry for VK_J, ShiftState 'Shift' of the layout table and is not in the default system code page (1252) of the German (Luxembourg) language you specified. This may cause compatibility problems in non-Unicode applications.
    WARNING: The character ʝ (U+029d) exists in the entry for VK_J, ShiftState 'Ctl+Alt' of the layout table and is not in the default system code page (1252) of the German (Luxembourg) language you specified. This may cause compatibility problems in non-Unicode applications.
    WARNING: The character ʙ (U+0299) exists in the entry for VK_J, ShiftState 'Shift+Ctl+Alt' of the layout table and is not in the default system code page (1252) of the German (Luxembourg) language you specified. This may cause compatibility problems in non-Unicode applications.
    WARNING: The character ʜ (U+029c) exists in the entry for VK_K, ShiftState 'Shift' of the layout table and is not in the default system code page (1252) of the German (Luxembourg) language you specified. This may cause compatibility problems in non-Unicode applications.
    WARNING: ʝ (U+029d) is already defined more than once on the keyboard (on VK_K, ShiftState 'Ctl+Alt' and VK_J, ShiftState 'Ctl+Alt').
    WARNING: The character ɨ (U+0268) exists in the entry for VK_K, ShiftState 'Shift+Ctl+Alt' of the layout table and is not in the default system code page (1252) of the German (Luxembourg) language you specified. This may cause compatibility problems in non-Unicode applications.
    WARNING: The character ɮ (U+026e) exists in the entry for VK_L, ShiftState 'Shift' of the layout table and is not in the default system code page (1252) of the German (Luxembourg) language you specified. This may cause compatibility problems in non-Unicode applications.
    WARNING: The character ɬ (U+026c) exists in the entry for VK_L, ShiftState 'Shift+Ctl+Alt' of the layout table and is not in the default system code page (1252) of the German (Luxembourg) language you specified. This may cause compatibility problems in non-Unicode applications.
    WARNING: The character ɱ (U+0271) exists in the entry for VK_M, ShiftState 'Shift' of the layout table and is not in the default system code page (1252) of the German (Luxembourg) language you specified. This may cause compatibility problems in non-Unicode applications.
    WARNING: The character ɯ (U+026f) exists in the entry for VK_M, ShiftState 'Ctl+Alt' of the layout table and is not in the default system code page (1252) of the German (Luxembourg) language you specified. This may cause compatibility problems in non-Unicode applications.
    WARNING: The character ː (U+02d0) exists in the entry for VK_M, ShiftState 'Shift+Ctl+Alt' of the layout table and is not in the default system code page (1252) of the German (Luxembourg) language you specified. This may cause compatibility problems in non-Unicode applications.
    WARNING: The character ŋ (U+014b) exists in the entry for VK_N, ShiftState 'Shift' of the layout table and is not in the default system code page (1252) of the German (Luxembourg) language you specified. This may cause compatibility problems in non-Unicode applications.
    WARNING: The character ̽ (U+033d) exists in the entry for VK_N, ShiftState 'Shift+Ctl+Alt' of the layout table and is not in the default system code page (1252) of the German (Luxembourg) language you specified. This may cause compatibility problems in non-Unicode applications.
    WARNING: The character ɶ (U+0276) exists in the entry for VK_O, ShiftState 'Shift+Ctl+Alt' of the layout table and is not in the default system code page (1252) of the German (Luxembourg) language you specified. This may cause compatibility problems in non-Unicode applications.
    WARNING: The character ɵ (U+0275) exists in the entry for VK_P, ShiftState 'Shift' of the layout table and is not in the default system code page (1252) of the German (Luxembourg) language you specified. This may cause compatibility problems in non-Unicode applications.
    WARNING: The character ʢ (U+02a2) exists in the entry for VK_P, ShiftState 'Ctl+Alt' of the layout table and is not in the default system code page (1252) of the German (Luxembourg) language you specified. This may cause compatibility problems in non-Unicode applications.
    WARNING: The character ɸ (U+0278) exists in the entry for VK_P, ShiftState 'Shift+Ctl+Alt' of the layout table and is not in the default system code page (1252) of the German (Luxembourg) language you specified. This may cause compatibility problems in non-Unicode applications.
    WARNING: The character ˌ (U+02cc) exists in the entry for VK_Q, ShiftState 'Ctl+Alt' of the layout table and is not in the default system code page (1252) of the German (Luxembourg) language you specified. This may cause compatibility problems in non-Unicode applications.
    WARNING: The character ˈ (U+02c8) exists in the entry for VK_Q, ShiftState 'Shift+Ctl+Alt' of the layout table and is not in the default system code page (1252) of the German (Luxembourg) language you specified. This may cause compatibility problems in non-Unicode applications.
    WARNING: The character ɾ (U+027e) exists in the entry for VK_R, ShiftState 'Shift' of the layout table and is not in the default system code page (1252) of the German (Luxembourg) language you specified. This may cause compatibility problems in non-Unicode applications.
    WARNING: The character ɹ (U+0279) exists in the entry for VK_R, ShiftState 'Ctl+Alt' of the layout table and is not in the default system code page (1252) of the German (Luxembourg) language you specified. This may cause compatibility problems in non-Unicode applications.
    WARNING: The character ʑ (U+0291) exists in the entry for VK_R, ShiftState 'Shift+Ctl+Alt' of the layout table and is not in the default system code page (1252) of the German (Luxembourg) language you specified. This may cause compatibility problems in non-Unicode applications.
    WARNING: The character ʃ (U+0283) exists in the entry for VK_S, ShiftState 'Shift' of the layout table and is not in the default system code page (1252) of the German (Luxembourg) language you specified. This may cause compatibility problems in non-Unicode applications.
    WARNING: The character ɖ (U+0256) exists in the entry for VK_S, ShiftState 'Shift+Ctl+Alt' of the layout table and is not in the default system code page (1252) of the German (Luxembourg) language you specified. This may cause compatibility problems in non-Unicode applications.
    WARNING: The character θ (U+03b8) exists in the entry for VK_T, ShiftState 'Shift' of the layout table and is not in the default system code page (1252) of the German (Luxembourg) language you specified. This may cause compatibility problems in non-Unicode applications.
    WARNING: The character ʛ (U+029b) exists in the entry for VK_T, ShiftState 'Shift+Ctl+Alt' of the layout table and is not in the default system code page (1252) of the German (Luxembourg) language you specified. This may cause compatibility problems in non-Unicode applications.
    WARNING: The character ʊ (U+028a) exists in the entry for VK_U, ShiftState 'Shift' of the layout table and is not in the default system code page (1252) of the German (Luxembourg) language you specified. This may cause compatibility problems in non-Unicode applications.
    WARNING: The character ʉ (U+0289) exists in the entry for VK_U, ShiftState 'Ctl+Alt' of the layout table and is not in the default system code page (1252) of the German (Luxembourg) language you specified. This may cause compatibility problems in non-Unicode applications.
    WARNING: The character ɥ (U+0265) exists in the entry for VK_U, ShiftState 'Shift+Ctl+Alt' of the layout table and is not in the default system code page (1252) of the German (Luxembourg) language you specified. This may cause compatibility problems in non-Unicode applications.
    WARNING: The character ʋ (U+028b) exists in the entry for VK_V, ShiftState 'Shift' of the layout table and is not in the default system code page (1252) of the German (Luxembourg) language you specified. This may cause compatibility problems in non-Unicode applications.
    WARNING: The character ʌ (U+028c) exists in the entry for VK_V, ShiftState 'Ctl+Alt' of the layout table and is not in the default system code page (1252) of the German (Luxembourg) language you specified. This may cause compatibility problems in non-Unicode applications.
    WARNING: The character ʄ (U+0284) exists in the entry for VK_V, ShiftState 'Shift+Ctl+Alt' of the layout table and is not in the default system code page (1252) of the German (Luxembourg) language you specified. This may cause compatibility problems in non-Unicode applications.
    WARNING: The character ʷ (U+02b7) exists in the entry for VK_W, ShiftState 'Shift' of the layout table and is not in the default system code page (1252) of the German (Luxembourg) language you specified. This may cause compatibility problems in non-Unicode applications.
    WARNING: The character ʍ (U+028d) exists in the entry for VK_W, ShiftState 'Shift+Ctl+Alt' of the layout table and is not in the default system code page (1252) of the German (Luxembourg) language you specified. This may cause compatibility problems in non-Unicode applications.
    WARNING: The character χ (U+03c7) exists in the entry for VK_X, ShiftState 'Shift' of the layout table and is not in the default system code page (1252) of the German (Luxembourg) language you specified. This may cause compatibility problems in non-Unicode applications.
    WARNING: The character ʏ (U+028f) exists in the entry for VK_Y, ShiftState 'Shift' of the layout table and is not in the default system code page (1252) of the German (Luxembourg) language you specified. This may cause compatibility problems in non-Unicode applications.
    WARNING: The character ʎ (U+028e) exists in the entry for VK_Y, ShiftState 'Ctl+Alt' of the layout table and is not in the default system code page (1252) of the German (Luxembourg) language you specified. This may cause compatibility problems in non-Unicode applications.
    WARNING: The character ʒ (U+0292) exists in the entry for VK_Z, ShiftState 'Shift' of the layout table and is not in the default system code page (1252) of the German (Luxembourg) language you specified. This may cause compatibility problems in non-Unicode applications.
    WARNING: The character ʐ (U+0290) exists in the entry for VK_Z, ShiftState 'Ctl+Alt' of the layout table and is not in the default system code page (1252) of the German (Luxembourg) language you specified. This may cause compatibility problems in non-Unicode applications.
    WARNING: The character ʈ (U+0288) exists in the entry for VK_Z, ShiftState 'Shift+Ctl+Alt' of the layout table and is not in the default system code page (1252) of the German (Luxembourg) language you specified. This may cause compatibility problems in non-Unicode applications.
    WARNING: The character ħ (U+0127) exists in the entry for VK_OEM_PLUS, ShiftState 'Shift+Ctl+Alt' of the layout table and is not in the default system code page (1252) of the German (Luxembourg) language you specified. This may cause compatibility problems in non-Unicode applications.
    WARNING: , (U+002c) is already defined more than once on the keyboard (on VK_OEM_COMMA, ShiftState 'Base' and VK_DECIMAL, ShiftState 'Base').
    WARNING: The character ʟ (U+029f) exists in the entry for VK_OEM_COMMA, ShiftState 'Shift' of the layout table and is not in the default system code page (1252) of the German (Luxembourg) language you specified. This may cause compatibility problems in non-Unicode applications.
    WARNING: The character ɕ (U+0255) exists in the entry for VK_OEM_COMMA, ShiftState 'Shift+Ctl+Alt' of the layout table and is not in the default system code page (1252) of the German (Luxembourg) language you specified. This may cause compatibility problems in non-Unicode applications.
    WARNING: The character ɞ (U+025e) exists in the entry for VK_OEM_3, ShiftState 'Ctl+Alt' of the layout table and is not in the default system code page (1252) of the German (Luxembourg) language you specified. This may cause compatibility problems in non-Unicode applications.
    WARNING: The character ɜ (U+025c) exists in the entry for VK_OEM_3, ShiftState 'Shift+Ctl+Alt' of the layout table and is not in the default system code page (1252) of the German (Luxembourg) language you specified. This may cause compatibility problems in non-Unicode applications.
    WARNING: The character ʂ (U+0282) exists in the entry for VK_OEM_4, ShiftState 'Base' of the layout table and is not in the default system code page (1252) of the German (Luxembourg) language you specified. This may cause compatibility problems in non-Unicode applications.
    WARNING: The character ʕ (U+0295) exists in the entry for VK_OEM_4, ShiftState 'Ctl+Alt' of the layout table and is not in the default system code page (1252) of the German (Luxembourg) language you specified. This may cause compatibility problems in non-Unicode applications.
    WARNING: The character ɦ (U+0266) exists in the entry for VK_OEM_4, ShiftState 'Shift+Ctl+Alt' of the layout table and is not in the default system code page (1252) of the German (Luxembourg) language you specified. This may cause compatibility problems in non-Unicode applications.
    WARNING: The character ʁ (U+0281) exists in the entry for VK_OEM_5, ShiftState 'Shift+Ctl+Alt' of the layout table and is not in the default system code page (1252) of the German (Luxembourg) language you specified. This may cause compatibility problems in non-Unicode applications.
    WARNING: The character ̩ (U+0329) exists in the entry for VK_OEM_6, ShiftState 'Shift' of the layout table and is not in the default system code page (1252) of the German (Luxembourg) language you specified. This may cause compatibility problems in non-Unicode applications.
    WARNING: The character ʡ (U+02a1) exists in the entry for VK_OEM_6, ShiftState 'Shift+Ctl+Alt' of the layout table and is not in the default system code page (1252) of the German (Luxembourg) language you specified. This may cause compatibility problems in non-Unicode applications.
    WARNING: The character ⁿ (U+207f) exists in the entry for VK_OEM_102, ShiftState 'Base' of the layout table and is not in the default system code page (1252) of the German (Luxembourg) language you specified. This may cause compatibility problems in non-Unicode applications.
    WARNING: The character ɴ (U+0274) exists in the entry for VK_OEM_102, ShiftState 'Ctl+Alt' of the layout table and is not in the default system code page (1252) of the German (Luxembourg) language you specified. This may cause compatibility problems in non-Unicode applications.
    WARNING: The character ˤ (U+02e4) exists in the entry for VK_OEM_102, ShiftState 'Shift+Ctl+Alt' of the layout table and is not in the default system code page (1252) of the German (Luxembourg) language you specified. This may cause compatibility problems in non-Unicode applications.
    WARNING: 'ⁿ' defined on OEM_102 (Base) but not defined elsewhere. This key may not be present on all keyboards.
    WARNING: '>' defined on OEM_102 (Shift) but not defined elsewhere. This key may not be present on all keyboards.
    WARNING: 'ɴ' defined on OEM_102 (Ctl+Alt) but not defined elsewhere. This key may not be present on all keyboards.
    WARNING: 'ˤ' defined on OEM_102 (Shift+Ctl+Alt) but not defined elsewhere. This key may not be present on all keyboards.
    WARNING: The Base Character 'N' (U+004e) in the Dead Key table for 'n' (U+006e) does not exist on the keyboard.
    WARNING: The dead key n (U+006e) when combined with N (U+004e) returns ‖ (U+2016), but ‖ (U+2016) is not on the default system code page (1252) of the German (Luxembourg) language you specified. This may cause compatibility problems in non-Unicode applications.
    WARNING: By convention, the last entry in the dead key table for 'n' (U+006e) should be a space (to create a spacing version of the dead key).
    WARNING: The dead key ^ (U+005e) when combined with o (U+006f) returns ɟ (U+025f), but ɟ (U+025f) is not on the default system code page (1252) of the German (Luxembourg) language you specified. This may cause compatibility problems in non-Unicode applications.
    WARNING: The Base Character 'A' (U+0041) in the Dead Key table for '^' (U+005e) does not exist on the keyboard.
    WARNING: The dead key ^ (U+005e) when combined with A (U+0041) returns ɰ (U+0270), but ɰ (U+0270) is not on the default system code page (1252) of the German (Luxembourg) language you specified. This may cause compatibility problems in non-Unicode applications.
    WARNING: The Base Character 'E' (U+0045) in the Dead Key table for '^' (U+005e) does not exist on the keyboard.
    WARNING: The Base Character 'U' (U+0055) in the Dead Key table for '^' (U+005e) does not exist on the keyboard.
    WARNING: The Base Character 'I' (U+0049) in the Dead Key table for '^' (U+005e) does not exist on the keyboard.
    WARNING: The dead key ^ (U+005e) when combined with I (U+0049) returns ɗ (U+0257), but ɗ (U+0257) is not on the default system code page (1252) of the German (Luxembourg) language you specified. This may cause compatibility problems in non-Unicode applications.
    WARNING: The Base Character 'O' (U+004f) in the Dead Key table for '^' (U+005e) does not exist on the keyboard.
    WARNING: The dead key ^ (U+005e) when combined with O (U+004f) returns ɟ (U+025f), but ɟ (U+025f) is not on the default system code page (1252) of the German (Luxembourg) language you specified. This may cause compatibility problems in non-Unicode applications.
    WARNING: The dead key ´ (U+00b4) when combined with a (U+0061) returns ʘ (U+0298), but ʘ (U+0298) is not on the default system code page (1252) of the German (Luxembourg) language you specified. This may cause compatibility problems in non-Unicode applications.
    WARNING: The dead key ´ (U+00b4) when combined with e (U+0065) returns ǀ (U+01c0), but ǀ (U+01c0) is not on the default system code page (1252) of the German (Luxembourg) language you specified. This may cause compatibility problems in non-Unicode applications.
    WARNING: The dead key ´ (U+00b4) when combined with u (U+0075) returns ǂ (U+01c2), but ǂ (U+01c2) is not on the default system code page (1252) of the German (Luxembourg) language you specified. This may cause compatibility problems in non-Unicode applications.
    WARNING: The dead key ´ (U+00b4) when combined with i (U+0069) returns ǁ (U+01c1), but ǁ (U+01c1) is not on the default system code page (1252) of the German (Luxembourg) language you specified. This may cause compatibility problems in non-Unicode applications.
    WARNING: The dead key ´ (U+00b4) when combined with o (U+006f) returns ǃ (U+01c3), but ǃ (U+01c3) is not on the default system code page (1252) of the German (Luxembourg) language you specified. This may cause compatibility problems in non-Unicode applications.
    WARNING: The Base Character 'Y' (U+0059) in the Dead Key table for '´' (U+00b4) does not exist on the keyboard.
    WARNING: The Base Character 'A' (U+0041) in the Dead Key table for '´' (U+00b4) does not exist on the keyboard.
    WARNING: The Base Character 'E' (U+0045) in the Dead Key table for '´' (U+00b4) does not exist on the keyboard.
    WARNING: The dead key ´ (U+00b4) when combined with E (U+0045) returns ‿ (U+203f), but ‿ (U+203f) is not on the default system code page (1252) of the German (Luxembourg) language you specified. This may cause compatibility problems in non-Unicode applications.
    WARNING: The Base Character 'U' (U+0055) in the Dead Key table for '´' (U+00b4) does not exist on the keyboard.
    WARNING: The dead key ´ (U+00b4) when combined with U (U+0055) returns ɬ (U+026c), but ɬ (U+026c) is not on the default system code page (1252) of the German (Luxembourg) language you specified. This may cause compatibility problems in non-Unicode applications.
    WARNING: The Base Character 'I' (U+0049) in the Dead Key table for '´' (U+00b4) does not exist on the keyboard.
    WARNING: The Base Character 'O' (U+004f) in the Dead Key table for '´' (U+00b4) does not exist on the keyboard.
    WARNING: The dead key ´ (U+00b4) when combined with O (U+004f) returns ɭ (U+026d), but ɭ (U+026d) is not on the default system code page (1252) of the German (Luxembourg) language you specified. This may cause compatibility problems in non-Unicode applications.
    WARNING: The dead key ´ (U+00b4) when combined with   (U+0020) returns ə (U+0259), but ə (U+0259) is not on the default system code page (1252) of the German (Luxembourg) language you specified. This may cause compatibility problems in non-Unicode applications.
    WARNING: Caps Lock is set between '0' and '=' (VK_0, ShiftStates 'Base' and 'Shift').
    WARNING: Caps Lock is set between '1' and '!' (VK_1, ShiftStates 'Base' and 'Shift').
    WARNING: Caps Lock is set between '2' and '"' (VK_2, ShiftStates 'Base' and 'Shift').
    WARNING: Caps Lock is set between '3' and '§' (VK_3, ShiftStates 'Base' and 'Shift').
    WARNING: Caps Lock is set between '4' and '$' (VK_4, ShiftStates 'Base' and 'Shift').
    WARNING: Caps Lock is set between '5' and '%' (VK_5, ShiftStates 'Base' and 'Shift').
    WARNING: Caps Lock is set between '6' and '&' (VK_6, ShiftStates 'Base' and 'Shift').
    WARNING: Caps Lock is set between '7' and 'ʔ' (VK_7, ShiftStates 'Base' and 'Shift').
    WARNING: Caps Lock is set between '8' and '(' (VK_8, ShiftStates 'Base' and 'Shift').
    WARNING: Caps Lock is set between '9' and '̃' (VK_9, ShiftStates 'Base' and 'Shift').
    WARNING: Caps Lock is set between 'a' and 'ɑ' (VK_A, ShiftStates 'Base' and 'Shift').
    WARNING: Caps Lock is set between 'b' and 'β' (VK_B, ShiftStates 'Base' and 'Shift').
    WARNING: Caps Lock is set between 'c' and 'ç' (VK_C, ShiftStates 'Base' and 'Shift').
    WARNING: Caps Lock is set between 'd' and 'ð' (VK_D, ShiftStates 'Base' and 'Shift').
    WARNING: Caps Lock is set between 'e' and 'ɛ' (VK_E, ShiftStates 'Base' and 'Shift').
    WARNING: Caps Lock is set between 'f' and 'ɤ' (VK_F, ShiftStates 'Base' and 'Shift').
    WARNING: Caps Lock is set between 'g' and 'ɢ' (VK_G, ShiftStates 'Base' and 'Shift').
    WARNING: Caps Lock is set between 'h' and 'ʰ' (VK_H, ShiftStates 'Base' and 'Shift').
    WARNING: Caps Lock is set between 'i' and 'ɪ' (VK_I, ShiftStates 'Base' and 'Shift').
    WARNING: Caps Lock is set between 'j' and 'ʲ' (VK_J, ShiftStates 'Base' and 'Shift').
    WARNING: Caps Lock is set between 'k' and 'ʜ' (VK_K, ShiftStates 'Base' and 'Shift').
    WARNING: Caps Lock is set between 'l' and 'ɮ' (VK_L, ShiftStates 'Base' and 'Shift').
    WARNING: Caps Lock is set between 'm' and 'ɱ' (VK_M, ShiftStates 'Base' and 'Shift').
    WARNING: Caps Lock is set between 'n' and 'ŋ' (VK_N, ShiftStates 'Base' and 'Shift').
    WARNING: Caps Lock is set between 'o' and 'ø' (VK_O, ShiftStates 'Base' and 'Shift').
    WARNING: Caps Lock is set between 'p' and 'ɵ' (VK_P, ShiftStates 'Base' and 'Shift').
    WARNING: Caps Lock is set between 'q' and 'æ' (VK_Q, ShiftStates 'Base' and 'Shift').
    WARNING: Caps Lock is set between 'r' and 'ɾ' (VK_R, ShiftStates 'Base' and 'Shift').
    WARNING: Caps Lock is set between 's' and 'ʃ' (VK_S, ShiftStates 'Base' and 'Shift').
    WARNING: Caps Lock is set between 't' and 'θ' (VK_T, ShiftStates 'Base' and 'Shift').
    WARNING: Caps Lock is set between 'u' and 'ʊ' (VK_U, ShiftStates 'Base' and 'Shift').
    WARNING: Caps Lock is set between 'v' and 'ʋ' (VK_V, ShiftStates 'Base' and 'Shift').
    WARNING: Caps Lock is set between 'w' and 'ʷ' (VK_W, ShiftStates 'Base' and 'Shift').
    WARNING: Caps Lock is set between 'x' and 'χ' (VK_X, ShiftStates 'Base' and 'Shift').
    WARNING: Caps Lock is set between 'y' and 'ʏ' (VK_Y, ShiftStates 'Base' and 'Shift').
    WARNING: Caps Lock is set between 'z' and 'ʒ' (VK_Z, ShiftStates 'Base' and 'Shift').
    WARNING: Caps Lock is set between '+' and '*' (VK_OEM_PLUS, ShiftStates 'Base' and 'Shift').
    WARNING: Caps Lock is set between ',' and 'ʟ' (VK_OEM_COMMA, ShiftStates 'Base' and 'Shift').
    WARNING: Caps Lock is set between '.' and ':' (VK_OEM_PERIOD, ShiftStates 'Base' and 'Shift').
    WARNING: Caps Lock is set between '#' and '’' (VK_OEM_2, ShiftStates 'Base' and 'Shift').
    WARNING: Caps Lock is set between 'ʂ' and '?' (VK_OEM_4, ShiftStates 'Base' and 'Shift').
